[debug] [2024-01-26T13:14:24.604Z] ----------------------------------------------------------------------
[debug] [2024-01-26T13:14:24.607Z] Command:       C:\Program Files\nodejs\node.exe C:\Users\Aditya\AppData\Roaming\npm\node_modules\firebase-tools\lib\bin\firebase.js emulators:start --only functions
[debug] [2024-01-26T13:14:24.607Z] CLI Version:   13.1.0
[debug] [2024-01-26T13:14:24.607Z] Platform:      win32
[debug] [2024-01-26T13:14:24.607Z] Node Version:  v20.10.0
[debug] [2024-01-26T13:14:24.608Z] Time:          Fri Jan 26 2024 18:44:24 GMT+0530 (India Standard Time)
[debug] [2024-01-26T13:14:24.608Z] ----------------------------------------------------------------------
[debug] 
[debug] [2024-01-26T13:14:24.680Z] > command requires scopes: ["email","openid","https://www.googleapis.com/auth/cloudplatformprojects.readonly","https://www.googleapis.com/auth/firebase","https://www.googleapis.com/auth/cloud-platform"]
[debug] [2024-01-26T13:14:24.681Z] > authorizing via signed-in user (adityabalsane10@gmail.com)
[info] i  emulators: Starting emulators: functions {"metadata":{"emulator":{"name":"hub"},"message":"Starting emulators: functions"}}
[debug] [2024-01-26T13:14:24.699Z] [logging] Logging Emulator only supports listening on one address (127.0.0.1). Not listening on ::1
[debug] [2024-01-26T13:14:24.699Z] assigned listening specs for emulators {"user":{"hub":[{"address":"127.0.0.1","family":"IPv4","port":4400},{"address":"::1","family":"IPv6","port":4400}],"ui":[{"address":"127.0.0.1","family":"IPv4","port":4000},{"address":"::1","family":"IPv6","port":4000}],"logging":[{"address":"127.0.0.1","family":"IPv4","port":4500}]},"metadata":{"message":"assigned listening specs for emulators"}}
[debug] [2024-01-26T13:14:24.708Z] [hub] writing locator at C:\Users\Aditya\AppData\Local\Temp\hub-quickmeals-4dfcb.json
[debug] [2024-01-26T13:14:24.723Z] [functions] Functions Emulator only supports listening on one address (127.0.0.1). Not listening on ::1
[debug] [2024-01-26T13:14:24.723Z] [eventarc] Eventarc Emulator only supports listening on one address (127.0.0.1). Not listening on ::1
[debug] [2024-01-26T13:14:24.723Z] late-assigned ports for functions and eventarc emulators {"user":{"hub":[{"address":"127.0.0.1","family":"IPv4","port":4400},{"address":"::1","family":"IPv6","port":4400}],"ui":[{"address":"127.0.0.1","family":"IPv4","port":4000},{"address":"::1","family":"IPv6","port":4000}],"logging":[{"address":"127.0.0.1","family":"IPv4","port":4500}],"functions":[{"address":"127.0.0.1","family":"IPv4","port":5001}],"eventarc":[{"address":"127.0.0.1","family":"IPv4","port":9299}]},"metadata":{"message":"late-assigned ports for functions and eventarc emulators"}}
[warn] !  functions: The following emulators are not running, calls to these services from the Functions emulator will affect production: auth, firestore, database, hosting, pubsub, storage {"metadata":{"emulator":{"name":"functions"},"message":"The following emulators are not running, calls to these services from the Functions emulator will affect production: \u001b[1mauth, firestore, database, hosting, pubsub, storage\u001b[22m"}}
[debug] [2024-01-26T13:14:24.725Z] defaultcredentials: writing to file C:\Users\Aditya\AppData\Roaming\firebase\adityabalsane10_gmail_com_application_default_credentials.json
[debug] [2024-01-26T13:14:24.728Z] Setting GAC to C:\Users\Aditya\AppData\Roaming\firebase\adityabalsane10_gmail_com_application_default_credentials.json {"metadata":{"emulator":{"name":"functions"},"message":"Setting GAC to C:\\Users\\Aditya\\AppData\\Roaming\\firebase\\adityabalsane10_gmail_com_application_default_credentials.json"}}
[debug] [2024-01-26T13:14:24.730Z] >>> [apiv2][query] GET https://firebase.googleapis.com/v1beta1/projects/quickmeals-4dfcb/adminSdkConfig [none]
[debug] [2024-01-26T13:14:25.514Z] <<< [apiv2][status] GET https://firebase.googleapis.com/v1beta1/projects/quickmeals-4dfcb/adminSdkConfig 200
[debug] [2024-01-26T13:14:25.514Z] <<< [apiv2][body] GET https://firebase.googleapis.com/v1beta1/projects/quickmeals-4dfcb/adminSdkConfig {"projectId":"quickmeals-4dfcb","storageBucket":"quickmeals-4dfcb.appspot.com"}
[debug] [2024-01-26T13:14:25.526Z] Ignoring unsupported arg: auto_download {"metadata":{"emulator":{"name":"ui"},"message":"Ignoring unsupported arg: auto_download"}}
[debug] [2024-01-26T13:14:25.526Z] Ignoring unsupported arg: port {"metadata":{"emulator":{"name":"ui"},"message":"Ignoring unsupported arg: port"}}
[debug] [2024-01-26T13:14:25.527Z] Starting Emulator UI with command {"binary":"node","args":["C:\\Users\\Aditya\\.cache\\firebase\\emulators\\ui-v1.11.7\\server\\server.js"],"optionalArgs":[],"joinArgs":false} {"metadata":{"emulator":{"name":"ui"},"message":"Starting Emulator UI with command {\"binary\":\"node\",\"args\":[\"C:\\\\Users\\\\Aditya\\\\.cache\\\\firebase\\\\emulators\\\\ui-v1.11.7\\\\server\\\\server.js\"],\"optionalArgs\":[],\"joinArgs\":false}"}}
[info] i  ui: Emulator UI logging to ui-debug.log {"metadata":{"emulator":{"name":"ui"},"message":"Emulator UI logging to \u001b[1mui-debug.log\u001b[22m"}}
[debug] [2024-01-26T13:14:25.637Z] Web / API server started at 127.0.0.1:4000
 {"metadata":{"emulator":{"name":"ui"},"message":"Web / API server started at 127.0.0.1:4000\n"}}
[debug] [2024-01-26T13:14:25.638Z] Web / API server started at ::1:4000
 {"metadata":{"emulator":{"name":"ui"},"message":"Web / API server started at ::1:4000\n"}}
[info] i  functions: Watching "C:\Users\Aditya\ZTM\ReactNativeProjects\QuickMeals\functions" for Cloud Functions... {"metadata":{"emulator":{"name":"functions"},"message":"Watching \"C:\\Users\\Aditya\\ZTM\\ReactNativeProjects\\QuickMeals\\functions\" for Cloud Functions..."}}
[debug] [2024-01-26T13:14:25.809Z] Validating nodejs source
[debug] [2024-01-26T13:14:27.110Z] > [functions] package.json contents: {
  "name": "functions",
  "description": "Cloud Functions for Firebase",
  "scripts": {
    "serve": "firebase emulators:start --only functions",
    "shell": "firebase functions:shell",
    "start": "npm run shell",
    "deploy": "firebase deploy --only functions",
    "logs": "firebase functions:log"
  },
  "engines": {
    "node": "20"
  },
  "main": "index.js",
  "dependencies": {
    "firebase-admin": "^9.2.0",
    "firebase-functions": "^3.11.0"
  },
  "devDependencies": {
    "firebase-functions-test": "^0.2.0"
  },
  "private": true
}
[debug] [2024-01-26T13:14:27.111Z] Building nodejs source
[debug] [2024-01-26T13:14:27.111Z] Failed to find version of module node: reached end of search path C:\Users\Aditya\ZTM\ReactNativeProjects\QuickMeals\functions\node_modules
[info] +  functions: Using node@20 from host. 
[debug] [2024-01-26T13:14:27.113Z] Could not find functions.yaml. Must use http discovery
[debug] [2024-01-26T13:14:27.119Z] Found firebase-functions binary at 'C:\Users\Aditya\ZTM\ReactNativeProjects\QuickMeals\functions\node_modules\.bin\firebase-functions'
[info] Serving at port 8518

[debug] [2024-01-26T13:14:27.633Z] Got response from /__/functions.yaml {"endpoints":{"geocode":{"platform":"gcfv1","availableMemoryMb":null,"timeoutSeconds":null,"minInstances":null,"maxInstances":null,"ingressSettings":null,"serviceAccountEmail":null,"vpc":null,"httpsTrigger":{},"entryPoint":"geocode"}},"specVersion":"v1alpha1","requiredAPIs":[]}
[info] +  functions: Loaded functions definitions from source: geocode. {"metadata":{"emulator":{"name":"functions"},"message":"Loaded functions definitions from source: geocode."}}
[info] +  functions[us-central1-geocode]: http function initialized (http://127.0.0.1:5001/quickmeals-4dfcb/us-central1/geocode). {"metadata":{"emulator":{"name":"functions"},"message":"\u001b[1mhttp\u001b[22m function initialized (http://127.0.0.1:5001/quickmeals-4dfcb/us-central1/geocode)."}}
[info] 
┌─────────────────────────────────────────────────────────────┐
│ ✔  All emulators ready! It is now safe to connect your app. │
│ i  View Emulator UI at http://127.0.0.1:4000/               │
└─────────────────────────────────────────────────────────────┘

┌───────────┬────────────────┬─────────────────────────────────┐
│ Emulator  │ Host:Port      │ View in Emulator UI             │
├───────────┼────────────────┼─────────────────────────────────┤
│ Functions │ 127.0.0.1:5001 │ http://127.0.0.1:4000/functions │
└───────────┴────────────────┴─────────────────────────────────┘
  Emulator Hub running at 127.0.0.1:4400
  Other reserved ports: 4500

Issues? Report them at https://github.com/firebase/firebase-tools/issues and attach the *-debug.log files.
 
[debug] [2024-01-26T13:20:05.523Z] [work-queue] {"queuedWork":["/quickmeals-4dfcb/us-central1/geocode-2024-01-26T13:20:05.523Z"],"queueLength":1,"runningWork":[],"workRunningCount":0}
[debug] [2024-01-26T13:20:05.523Z] [work-queue] {"queuedWork":[],"queueLength":0,"runningWork":["/quickmeals-4dfcb/us-central1/geocode-2024-01-26T13:20:05.523Z"],"workRunningCount":1}
[debug] [2024-01-26T13:20:05.524Z] Accepted request GET /quickmeals-4dfcb/us-central1/geocode --> us-central1-geocode
[debug] [2024-01-26T13:20:05.524Z] [functions] Runtime ready! Sending request! {"metadata":{"emulator":{"name":"functions"},"message":"[functions] Runtime ready! Sending request!"}}
[debug] [2024-01-26T13:20:05.525Z] [functions] Got req.url=/quickmeals-4dfcb/us-central1/geocode, mapping to path=/ {"metadata":{"emulator":{"name":"functions"},"message":"[functions] Got req.url=/quickmeals-4dfcb/us-central1/geocode, mapping to path=/"}}
[debug] [2024-01-26T13:20:05.536Z] [worker-pool] addWorker(us-central1-geocode) {"metadata":{"emulator":{"name":"functions"},"message":"[worker-pool] addWorker(us-central1-geocode)"}}
[debug] [2024-01-26T13:20:05.537Z] [worker-pool] Adding worker with key us-central1-geocode, total=1 {"metadata":{"emulator":{"name":"functions"},"message":"[worker-pool] Adding worker with key us-central1-geocode, total=1"}}
[debug] [2024-01-26T13:20:06.943Z] [runtime-status] [5216] Resolved module firebase-admin {"declared":true,"installed":true,"version":"11.11.1","resolution":"C:\\Users\\Aditya\\ZTM\\ReactNativeProjects\\QuickMeals\\functions\\node_modules\\firebase-admin\\lib\\index.js"} {"metadata":{"emulator":{"name":"functions"},"function":{"name":"us-central1-geocode"},"extension":{},"message":"[runtime-status] [5216] Resolved module firebase-admin {\"declared\":true,\"installed\":true,\"version\":\"11.11.1\",\"resolution\":\"C:\\\\Users\\\\Aditya\\\\ZTM\\\\ReactNativeProjects\\\\QuickMeals\\\\functions\\\\node_modules\\\\firebase-admin\\\\lib\\\\index.js\"}"}}
[debug] [2024-01-26T13:20:06.944Z] [runtime-status] [5216] Resolved module firebase-functions {"declared":true,"installed":true,"version":"4.6.0","resolution":"C:\\Users\\Aditya\\ZTM\\ReactNativeProjects\\QuickMeals\\functions\\node_modules\\firebase-functions\\lib\\v1\\index.js"} {"metadata":{"emulator":{"name":"functions"},"function":{"name":"us-central1-geocode"},"extension":{},"message":"[runtime-status] [5216] Resolved module firebase-functions {\"declared\":true,\"installed\":true,\"version\":\"4.6.0\",\"resolution\":\"C:\\\\Users\\\\Aditya\\\\ZTM\\\\ReactNativeProjects\\\\QuickMeals\\\\functions\\\\node_modules\\\\firebase-functions\\\\lib\\\\v1\\\\index.js\"}"}}
[debug] [2024-01-26T13:20:06.944Z] [runtime-status] [5216] Outgoing network have been stubbed. [{"name":"http","status":"mocked"},{"name":"http","status":"mocked"},{"name":"https","status":"mocked"},{"name":"https","status":"mocked"},{"name":"net","status":"mocked"}] {"metadata":{"emulator":{"name":"functions"},"function":{"name":"us-central1-geocode"},"extension":{},"message":"[runtime-status] [5216] Outgoing network have been stubbed. [{\"name\":\"http\",\"status\":\"mocked\"},{\"name\":\"http\",\"status\":\"mocked\"},{\"name\":\"https\",\"status\":\"mocked\"},{\"name\":\"https\",\"status\":\"mocked\"},{\"name\":\"net\",\"status\":\"mocked\"}]"}}
[debug] [2024-01-26T13:20:06.946Z] [runtime-status] [5216] Resolved module firebase-functions {"declared":true,"installed":true,"version":"4.6.0","resolution":"C:\\Users\\Aditya\\ZTM\\ReactNativeProjects\\QuickMeals\\functions\\node_modules\\firebase-functions\\lib\\v1\\index.js"} {"metadata":{"emulator":{"name":"functions"},"function":{"name":"us-central1-geocode"},"extension":{},"message":"[runtime-status] [5216] Resolved module firebase-functions {\"declared\":true,\"installed\":true,\"version\":\"4.6.0\",\"resolution\":\"C:\\\\Users\\\\Aditya\\\\ZTM\\\\ReactNativeProjects\\\\QuickMeals\\\\functions\\\\node_modules\\\\firebase-functions\\\\lib\\\\v1\\\\index.js\"}"}}
[debug] [2024-01-26T13:20:07.212Z] [runtime-status] [5216] Checked functions.config() {"config":{}} {"metadata":{"emulator":{"name":"functions"},"function":{"name":"us-central1-geocode"},"extension":{},"message":"[runtime-status] [5216] Checked functions.config() {\"config\":{}}"}}
[debug] [2024-01-26T13:20:07.212Z] [runtime-status] [5216] firebase-functions has been stubbed. {"functionsResolution":{"declared":true,"installed":true,"version":"4.6.0","resolution":"C:\\Users\\Aditya\\ZTM\\ReactNativeProjects\\QuickMeals\\functions\\node_modules\\firebase-functions\\lib\\v1\\index.js"}} {"metadata":{"emulator":{"name":"functions"},"function":{"name":"us-central1-geocode"},"extension":{},"message":"[runtime-status] [5216] firebase-functions has been stubbed. {\"functionsResolution\":{\"declared\":true,\"installed\":true,\"version\":\"4.6.0\",\"resolution\":\"C:\\\\Users\\\\Aditya\\\\ZTM\\\\ReactNativeProjects\\\\QuickMeals\\\\functions\\\\node_modules\\\\firebase-functions\\\\lib\\\\v1\\\\index.js\"}}"}}
[debug] [2024-01-26T13:20:07.212Z] [runtime-status] [5216] Resolved module firebase-functions {"declared":true,"installed":true,"version":"4.6.0","resolution":"C:\\Users\\Aditya\\ZTM\\ReactNativeProjects\\QuickMeals\\functions\\node_modules\\firebase-functions\\lib\\v1\\index.js"} {"metadata":{"emulator":{"name":"functions"},"function":{"name":"us-central1-geocode"},"extension":{},"message":"[runtime-status] [5216] Resolved module firebase-functions {\"declared\":true,\"installed\":true,\"version\":\"4.6.0\",\"resolution\":\"C:\\\\Users\\\\Aditya\\\\ZTM\\\\ReactNativeProjects\\\\QuickMeals\\\\functions\\\\node_modules\\\\firebase-functions\\\\lib\\\\v1\\\\index.js\"}"}}
[debug] [2024-01-26T13:20:07.214Z] [runtime-status] [5216] Resolved module firebase-admin {"declared":true,"installed":true,"version":"11.11.1","resolution":"C:\\Users\\Aditya\\ZTM\\ReactNativeProjects\\QuickMeals\\functions\\node_modules\\firebase-admin\\lib\\index.js"} {"metadata":{"emulator":{"name":"functions"},"function":{"name":"us-central1-geocode"},"extension":{},"message":"[runtime-status] [5216] Resolved module firebase-admin {\"declared\":true,\"installed\":true,\"version\":\"11.11.1\",\"resolution\":\"C:\\\\Users\\\\Aditya\\\\ZTM\\\\ReactNativeProjects\\\\QuickMeals\\\\functions\\\\node_modules\\\\firebase-admin\\\\lib\\\\index.js\"}"}}
[debug] [2024-01-26T13:20:07.216Z] [runtime-status] [5216] Resolved module firebase-functions {"declared":true,"installed":true,"version":"4.6.0","resolution":"C:\\Users\\Aditya\\ZTM\\ReactNativeProjects\\QuickMeals\\functions\\node_modules\\firebase-functions\\lib\\v1\\index.js"} {"metadata":{"emulator":{"name":"functions"},"function":{"name":"us-central1-geocode"},"extension":{},"message":"[runtime-status] [5216] Resolved module firebase-functions {\"declared\":true,\"installed\":true,\"version\":\"4.6.0\",\"resolution\":\"C:\\\\Users\\\\Aditya\\\\ZTM\\\\ReactNativeProjects\\\\QuickMeals\\\\functions\\\\node_modules\\\\firebase-functions\\\\lib\\\\v1\\\\index.js\"}"}}
[debug] [2024-01-26T13:20:07.216Z] [runtime-status] [5216] firebase-admin has been stubbed. {"adminResolution":{"declared":true,"installed":true,"version":"11.11.1","resolution":"C:\\Users\\Aditya\\ZTM\\ReactNativeProjects\\QuickMeals\\functions\\node_modules\\firebase-admin\\lib\\index.js"}} {"metadata":{"emulator":{"name":"functions"},"function":{"name":"us-central1-geocode"},"extension":{},"message":"[runtime-status] [5216] firebase-admin has been stubbed. {\"adminResolution\":{\"declared\":true,\"installed\":true,\"version\":\"11.11.1\",\"resolution\":\"C:\\\\Users\\\\Aditya\\\\ZTM\\\\ReactNativeProjects\\\\QuickMeals\\\\functions\\\\node_modules\\\\firebase-admin\\\\lib\\\\index.js\"}}"}}
[debug] [2024-01-26T13:20:07.233Z] [runtime-status] [5216] Functions runtime initialized. {"cwd":"C:\\Users\\Aditya\\ZTM\\ReactNativeProjects\\QuickMeals\\functions","node_version":"20.10.0"} {"metadata":{"emulator":{"name":"functions"},"function":{"name":"us-central1-geocode"},"extension":{},"message":"[runtime-status] [5216] Functions runtime initialized. {\"cwd\":\"C:\\\\Users\\\\Aditya\\\\ZTM\\\\ReactNativeProjects\\\\QuickMeals\\\\functions\",\"node_version\":\"20.10.0\"}"}}
[debug] [2024-01-26T13:20:07.234Z] [runtime-status] [5216] Listening to port: \\?\pipe\fire_emu_8d1fbe55f1f71173 {"metadata":{"emulator":{"name":"functions"},"function":{"name":"us-central1-geocode"},"extension":{},"message":"[runtime-status] [5216] Listening to port: \\\\?\\pipe\\fire_emu_8d1fbe55f1f71173"}}
[debug] [2024-01-26T13:20:07.318Z] [worker-us-central1-geocode-dcf7ebde-c6c3-4e61-bbec-011be2e2f815]: IDLE {"metadata":{"emulator":{"name":"functions"},"function":{"name":"us-central1-geocode"},"extension":{},"message":"[worker-us-central1-geocode-dcf7ebde-c6c3-4e61-bbec-011be2e2f815]: IDLE"}}
[debug] [2024-01-26T13:20:07.319Z] [worker-pool] submitRequest(triggerId=us-central1-geocode) {"metadata":{"emulator":{"name":"functions"},"message":"[worker-pool] submitRequest(triggerId=us-central1-geocode)"}}
[info] i  functions: Beginning execution of "us-central1-geocode" {"metadata":{"emulator":{"name":"functions"},"function":{"name":"us-central1-geocode"},"extension":{},"message":"Beginning execution of \"us-central1-geocode\""}}
[debug] [2024-01-26T13:20:07.320Z] [worker-us-central1-geocode-dcf7ebde-c6c3-4e61-bbec-011be2e2f815]: BUSY {"metadata":{"emulator":{"name":"functions"},"function":{"name":"us-central1-geocode"},"extension":{},"message":"[worker-us-central1-geocode-dcf7ebde-c6c3-4e61-bbec-011be2e2f815]: BUSY"}}
[warn] !  functions: TypeError: Cannot read properties of undefined (reading 'toLowerCase')
    at module.exports.geocodeRequest (C:\Users\Aditya\ZTM\ReactNativeProjects\QuickMeals\functions\geocode\index.js:6:43)
    at C:\Users\Aditya\ZTM\ReactNativeProjects\QuickMeals\functions\index.js:5:3
    at cloudFunction (C:\Users\Aditya\ZTM\ReactNativeProjects\QuickMeals\functions\node_modules\firebase-functions\lib\v1\providers\https.js:51:16)
    at C:\Users\Aditya\AppData\Roaming\npm\node_modules\firebase-tools\lib\emulator\functionsEmulatorRuntime.js:532:16
    at runFunction (C:\Users\Aditya\AppData\Roaming\npm\node_modules\firebase-tools\lib\emulator\functionsEmulatorRuntime.js:506:15)
    at runHTTPS (C:\Users\Aditya\AppData\Roaming\npm\node_modules\firebase-tools\lib\emulator\functionsEmulatorRuntime.js:531:11)
    at C:\Users\Aditya\AppData\Roaming\npm\node_modules\firebase-tools\lib\emulator\functionsEmulatorRuntime.js:694:27
    at Layer.handle [as handle_request] (C:\Users\Aditya\AppData\Roaming\npm\node_modules\firebase-tools\node_modules\express\lib\router\layer.js:95:5)
    at next (C:\Users\Aditya\AppData\Roaming\npm\node_modules\firebase-tools\node_modules\express\lib\router\route.js:144:13)
    at next (C:\Users\Aditya\AppData\Roaming\npm\node_modules\firebase-tools\node_modules\express\lib\router\route.js:140:7) {"metadata":{"emulator":{"name":"functions"},"function":{"name":"us-central1-geocode"},"extension":{},"message":"TypeError: Cannot read properties of undefined (reading 'toLowerCase')\n    at module.exports.geocodeRequest (C:\\Users\\Aditya\\ZTM\\ReactNativeProjects\\QuickMeals\\functions\\geocode\\index.js:6:43)\n    at C:\\Users\\Aditya\\ZTM\\ReactNativeProjects\\QuickMeals\\functions\\index.js:5:3\n    at cloudFunction (C:\\Users\\Aditya\\ZTM\\ReactNativeProjects\\QuickMeals\\functions\\node_modules\\firebase-functions\\lib\\v1\\providers\\https.js:51:16)\n    at C:\\Users\\Aditya\\AppData\\Roaming\\npm\\node_modules\\firebase-tools\\lib\\emulator\\functionsEmulatorRuntime.js:532:16\n    at runFunction (C:\\Users\\Aditya\\AppData\\Roaming\\npm\\node_modules\\firebase-tools\\lib\\emulator\\functionsEmulatorRuntime.js:506:15)\n    at runHTTPS (C:\\Users\\Aditya\\AppData\\Roaming\\npm\\node_modules\\firebase-tools\\lib\\emulator\\functionsEmulatorRuntime.js:531:11)\n    at C:\\Users\\Aditya\\AppData\\Roaming\\npm\\node_modules\\firebase-tools\\lib\\emulator\\functionsEmulatorRuntime.js:694:27\n    at Layer.handle [as handle_request] (C:\\Users\\Aditya\\AppData\\Roaming\\npm\\node_modules\\firebase-tools\\node_modules\\express\\lib\\router\\layer.js:95:5)\n    at next (C:\\Users\\Aditya\\AppData\\Roaming\\npm\\node_modules\\firebase-tools\\node_modules\\express\\lib\\router\\route.js:144:13)\n    at next (C:\\Users\\Aditya\\AppData\\Roaming\\npm\\node_modules\\firebase-tools\\node_modules\\express\\lib\\router\\route.js:140:7)"}}
[warn] !  Your function was killed because it raised an unhandled error. {"metadata":{"emulator":{"name":"functions"},"function":{"name":"us-central1-geocode"},"extension":{},"message":"Your function was killed because it raised an unhandled error."}}
[debug] [2024-01-26T13:20:07.329Z] Finishing up request with event=pause {"metadata":{"emulator":{"name":"functions"},"function":{"name":"us-central1-geocode"},"extension":{},"message":"Finishing up request with event=pause"}}
[info] i  functions: Finished "us-central1-geocode" in 8.5026ms {"metadata":{"emulator":{"name":"functions"},"function":{"name":"us-central1-geocode"},"extension":{},"message":"Finished \"us-central1-geocode\" in 8.5026ms"}}
[debug] [2024-01-26T13:20:07.329Z] [worker-us-central1-geocode-dcf7ebde-c6c3-4e61-bbec-011be2e2f815]: IDLE {"metadata":{"emulator":{"name":"functions"},"function":{"name":"us-central1-geocode"},"extension":{},"message":"[worker-us-central1-geocode-dcf7ebde-c6c3-4e61-bbec-011be2e2f815]: IDLE"}}
[debug] [2024-01-26T13:20:07.330Z] Finishing up request with event=finish {"metadata":{"emulator":{"name":"functions"},"function":{"name":"us-central1-geocode"},"extension":{},"message":"Finishing up request with event=finish"}}
[debug] [2024-01-26T13:20:07.330Z] Finishing up request with event=close {"metadata":{"emulator":{"name":"functions"},"function":{"name":"us-central1-geocode"},"extension":{},"message":"Finishing up request with event=close"}}
[debug] [2024-01-26T13:20:07.330Z] [work-queue] {"queuedWork":[],"queueLength":0,"runningWork":[],"workRunningCount":0}
[debug] [2024-01-26T13:20:07.337Z] [worker-us-central1-geocode-dcf7ebde-c6c3-4e61-bbec-011be2e2f815]: exited {"metadata":{"emulator":{"name":"functions"},"function":{"name":"us-central1-geocode"},"extension":{},"message":"[worker-us-central1-geocode-dcf7ebde-c6c3-4e61-bbec-011be2e2f815]: exited"}}
[debug] [2024-01-26T13:20:07.337Z] [worker-us-central1-geocode-dcf7ebde-c6c3-4e61-bbec-011be2e2f815]: FINISHED {"metadata":{"emulator":{"name":"functions"},"function":{"name":"us-central1-geocode"},"extension":{},"message":"[worker-us-central1-geocode-dcf7ebde-c6c3-4e61-bbec-011be2e2f815]: FINISHED"}}
[debug] [2024-01-26T13:20:07.368Z] Functions emulator received unknown request at path /favicon.ico
[debug] [2024-01-26T13:20:39.305Z] [work-queue] {"queuedWork":["/quickmeals-4dfcb/us-central1/geocode-2024-01-26T13:20:39.305Z"],"queueLength":1,"runningWork":[],"workRunningCount":0}
[debug] [2024-01-26T13:20:39.305Z] [work-queue] {"queuedWork":[],"queueLength":0,"runningWork":["/quickmeals-4dfcb/us-central1/geocode-2024-01-26T13:20:39.305Z"],"workRunningCount":1}
[debug] [2024-01-26T13:20:39.305Z] Accepted request GET /quickmeals-4dfcb/us-central1/geocode?city=Antwerp --> us-central1-geocode
[debug] [2024-01-26T13:20:39.306Z] [functions] Runtime ready! Sending request! {"metadata":{"emulator":{"name":"functions"},"message":"[functions] Runtime ready! Sending request!"}}
[debug] [2024-01-26T13:20:39.307Z] [functions] Got req.url=/quickmeals-4dfcb/us-central1/geocode?city=Antwerp, mapping to path=/?city=Antwerp {"metadata":{"emulator":{"name":"functions"},"message":"[functions] Got req.url=/quickmeals-4dfcb/us-central1/geocode?city=Antwerp, mapping to path=/?city=Antwerp"}}
[debug] [2024-01-26T13:20:39.307Z] [worker-pool] Cleaned up workers for us-central1-geocode: 1 --> 0 {"metadata":{"emulator":{"name":"functions"},"message":"[worker-pool] Cleaned up workers for us-central1-geocode: 1 --> 0"}}
[debug] [2024-01-26T13:20:39.312Z] [worker-pool] addWorker(us-central1-geocode) {"metadata":{"emulator":{"name":"functions"},"message":"[worker-pool] addWorker(us-central1-geocode)"}}
[debug] [2024-01-26T13:20:39.312Z] [worker-pool] Adding worker with key us-central1-geocode, total=1 {"metadata":{"emulator":{"name":"functions"},"message":"[worker-pool] Adding worker with key us-central1-geocode, total=1"}}
[debug] [2024-01-26T13:20:40.549Z] [runtime-status] [9660] Resolved module firebase-admin {"declared":true,"installed":true,"version":"11.11.1","resolution":"C:\\Users\\Aditya\\ZTM\\ReactNativeProjects\\QuickMeals\\functions\\node_modules\\firebase-admin\\lib\\index.js"} {"metadata":{"emulator":{"name":"functions"},"function":{"name":"us-central1-geocode"},"extension":{},"message":"[runtime-status] [9660] Resolved module firebase-admin {\"declared\":true,\"installed\":true,\"version\":\"11.11.1\",\"resolution\":\"C:\\\\Users\\\\Aditya\\\\ZTM\\\\ReactNativeProjects\\\\QuickMeals\\\\functions\\\\node_modules\\\\firebase-admin\\\\lib\\\\index.js\"}"}}
[debug] [2024-01-26T13:20:40.550Z] [runtime-status] [9660] Resolved module firebase-functions {"declared":true,"installed":true,"version":"4.6.0","resolution":"C:\\Users\\Aditya\\ZTM\\ReactNativeProjects\\QuickMeals\\functions\\node_modules\\firebase-functions\\lib\\v1\\index.js"} {"metadata":{"emulator":{"name":"functions"},"function":{"name":"us-central1-geocode"},"extension":{},"message":"[runtime-status] [9660] Resolved module firebase-functions {\"declared\":true,\"installed\":true,\"version\":\"4.6.0\",\"resolution\":\"C:\\\\Users\\\\Aditya\\\\ZTM\\\\ReactNativeProjects\\\\QuickMeals\\\\functions\\\\node_modules\\\\firebase-functions\\\\lib\\\\v1\\\\index.js\"}"}}
[debug] [2024-01-26T13:20:40.551Z] [runtime-status] [9660] Outgoing network have been stubbed. [{"name":"http","status":"mocked"},{"name":"http","status":"mocked"},{"name":"https","status":"mocked"},{"name":"https","status":"mocked"},{"name":"net","status":"mocked"}] {"metadata":{"emulator":{"name":"functions"},"function":{"name":"us-central1-geocode"},"extension":{},"message":"[runtime-status] [9660] Outgoing network have been stubbed. [{\"name\":\"http\",\"status\":\"mocked\"},{\"name\":\"http\",\"status\":\"mocked\"},{\"name\":\"https\",\"status\":\"mocked\"},{\"name\":\"https\",\"status\":\"mocked\"},{\"name\":\"net\",\"status\":\"mocked\"}]"}}
[debug] [2024-01-26T13:20:40.552Z] [runtime-status] [9660] Resolved module firebase-functions {"declared":true,"installed":true,"version":"4.6.0","resolution":"C:\\Users\\Aditya\\ZTM\\ReactNativeProjects\\QuickMeals\\functions\\node_modules\\firebase-functions\\lib\\v1\\index.js"} {"metadata":{"emulator":{"name":"functions"},"function":{"name":"us-central1-geocode"},"extension":{},"message":"[runtime-status] [9660] Resolved module firebase-functions {\"declared\":true,\"installed\":true,\"version\":\"4.6.0\",\"resolution\":\"C:\\\\Users\\\\Aditya\\\\ZTM\\\\ReactNativeProjects\\\\QuickMeals\\\\functions\\\\node_modules\\\\firebase-functions\\\\lib\\\\v1\\\\index.js\"}"}}
[debug] [2024-01-26T13:20:40.815Z] [runtime-status] [9660] Checked functions.config() {"config":{}} {"metadata":{"emulator":{"name":"functions"},"function":{"name":"us-central1-geocode"},"extension":{},"message":"[runtime-status] [9660] Checked functions.config() {\"config\":{}}"}}
[debug] [2024-01-26T13:20:40.815Z] [runtime-status] [9660] firebase-functions has been stubbed. {"functionsResolution":{"declared":true,"installed":true,"version":"4.6.0","resolution":"C:\\Users\\Aditya\\ZTM\\ReactNativeProjects\\QuickMeals\\functions\\node_modules\\firebase-functions\\lib\\v1\\index.js"}} {"metadata":{"emulator":{"name":"functions"},"function":{"name":"us-central1-geocode"},"extension":{},"message":"[runtime-status] [9660] firebase-functions has been stubbed. {\"functionsResolution\":{\"declared\":true,\"installed\":true,\"version\":\"4.6.0\",\"resolution\":\"C:\\\\Users\\\\Aditya\\\\ZTM\\\\ReactNativeProjects\\\\QuickMeals\\\\functions\\\\node_modules\\\\firebase-functions\\\\lib\\\\v1\\\\index.js\"}}"}}
[debug] [2024-01-26T13:20:40.815Z] [runtime-status] [9660] Resolved module firebase-functions {"declared":true,"installed":true,"version":"4.6.0","resolution":"C:\\Users\\Aditya\\ZTM\\ReactNativeProjects\\QuickMeals\\functions\\node_modules\\firebase-functions\\lib\\v1\\index.js"} {"metadata":{"emulator":{"name":"functions"},"function":{"name":"us-central1-geocode"},"extension":{},"message":"[runtime-status] [9660] Resolved module firebase-functions {\"declared\":true,\"installed\":true,\"version\":\"4.6.0\",\"resolution\":\"C:\\\\Users\\\\Aditya\\\\ZTM\\\\ReactNativeProjects\\\\QuickMeals\\\\functions\\\\node_modules\\\\firebase-functions\\\\lib\\\\v1\\\\index.js\"}"}}
[debug] [2024-01-26T13:20:40.817Z] [runtime-status] [9660] Resolved module firebase-admin {"declared":true,"installed":true,"version":"11.11.1","resolution":"C:\\Users\\Aditya\\ZTM\\ReactNativeProjects\\QuickMeals\\functions\\node_modules\\firebase-admin\\lib\\index.js"} {"metadata":{"emulator":{"name":"functions"},"function":{"name":"us-central1-geocode"},"extension":{},"message":"[runtime-status] [9660] Resolved module firebase-admin {\"declared\":true,\"installed\":true,\"version\":\"11.11.1\",\"resolution\":\"C:\\\\Users\\\\Aditya\\\\ZTM\\\\ReactNativeProjects\\\\QuickMeals\\\\functions\\\\node_modules\\\\firebase-admin\\\\lib\\\\index.js\"}"}}
[debug] [2024-01-26T13:20:40.819Z] [runtime-status] [9660] Resolved module firebase-functions {"declared":true,"installed":true,"version":"4.6.0","resolution":"C:\\Users\\Aditya\\ZTM\\ReactNativeProjects\\QuickMeals\\functions\\node_modules\\firebase-functions\\lib\\v1\\index.js"} {"metadata":{"emulator":{"name":"functions"},"function":{"name":"us-central1-geocode"},"extension":{},"message":"[runtime-status] [9660] Resolved module firebase-functions {\"declared\":true,\"installed\":true,\"version\":\"4.6.0\",\"resolution\":\"C:\\\\Users\\\\Aditya\\\\ZTM\\\\ReactNativeProjects\\\\QuickMeals\\\\functions\\\\node_modules\\\\firebase-functions\\\\lib\\\\v1\\\\index.js\"}"}}
[debug] [2024-01-26T13:20:40.819Z] [runtime-status] [9660] firebase-admin has been stubbed. {"adminResolution":{"declared":true,"installed":true,"version":"11.11.1","resolution":"C:\\Users\\Aditya\\ZTM\\ReactNativeProjects\\QuickMeals\\functions\\node_modules\\firebase-admin\\lib\\index.js"}} {"metadata":{"emulator":{"name":"functions"},"function":{"name":"us-central1-geocode"},"extension":{},"message":"[runtime-status] [9660] firebase-admin has been stubbed. {\"adminResolution\":{\"declared\":true,\"installed\":true,\"version\":\"11.11.1\",\"resolution\":\"C:\\\\Users\\\\Aditya\\\\ZTM\\\\ReactNativeProjects\\\\QuickMeals\\\\functions\\\\node_modules\\\\firebase-admin\\\\lib\\\\index.js\"}}"}}
[debug] [2024-01-26T13:20:40.836Z] [runtime-status] [9660] Functions runtime initialized. {"cwd":"C:\\Users\\Aditya\\ZTM\\ReactNativeProjects\\QuickMeals\\functions","node_version":"20.10.0"} {"metadata":{"emulator":{"name":"functions"},"function":{"name":"us-central1-geocode"},"extension":{},"message":"[runtime-status] [9660] Functions runtime initialized. {\"cwd\":\"C:\\\\Users\\\\Aditya\\\\ZTM\\\\ReactNativeProjects\\\\QuickMeals\\\\functions\",\"node_version\":\"20.10.0\"}"}}
[debug] [2024-01-26T13:20:40.836Z] [runtime-status] [9660] Listening to port: \\?\pipe\fire_emu_93dbcf20d0faca55 {"metadata":{"emulator":{"name":"functions"},"function":{"name":"us-central1-geocode"},"extension":{},"message":"[runtime-status] [9660] Listening to port: \\\\?\\pipe\\fire_emu_93dbcf20d0faca55"}}
[debug] [2024-01-26T13:20:40.887Z] [worker-us-central1-geocode-9e024222-427d-4980-aedc-83461b6b55ab]: IDLE {"metadata":{"emulator":{"name":"functions"},"function":{"name":"us-central1-geocode"},"extension":{},"message":"[worker-us-central1-geocode-9e024222-427d-4980-aedc-83461b6b55ab]: IDLE"}}
[debug] [2024-01-26T13:20:40.887Z] [worker-pool] submitRequest(triggerId=us-central1-geocode) {"metadata":{"emulator":{"name":"functions"},"message":"[worker-pool] submitRequest(triggerId=us-central1-geocode)"}}
[info] i  functions: Beginning execution of "us-central1-geocode" {"metadata":{"emulator":{"name":"functions"},"function":{"name":"us-central1-geocode"},"extension":{},"message":"Beginning execution of \"us-central1-geocode\""}}
[debug] [2024-01-26T13:20:40.888Z] [worker-us-central1-geocode-9e024222-427d-4980-aedc-83461b6b55ab]: BUSY {"metadata":{"emulator":{"name":"functions"},"function":{"name":"us-central1-geocode"},"extension":{},"message":"[worker-us-central1-geocode-9e024222-427d-4980-aedc-83461b6b55ab]: BUSY"}}
[debug] [2024-01-26T13:20:40.894Z] Finishing up request with event=pause {"metadata":{"emulator":{"name":"functions"},"function":{"name":"us-central1-geocode"},"extension":{},"message":"Finishing up request with event=pause"}}
[info] i  functions: Finished "us-central1-geocode" in 5.4389ms {"metadata":{"emulator":{"name":"functions"},"function":{"name":"us-central1-geocode"},"extension":{},"message":"Finished \"us-central1-geocode\" in 5.4389ms"}}
[debug] [2024-01-26T13:20:40.894Z] [worker-us-central1-geocode-9e024222-427d-4980-aedc-83461b6b55ab]: IDLE {"metadata":{"emulator":{"name":"functions"},"function":{"name":"us-central1-geocode"},"extension":{},"message":"[worker-us-central1-geocode-9e024222-427d-4980-aedc-83461b6b55ab]: IDLE"}}
[debug] [2024-01-26T13:20:40.894Z] Finishing up request with event=finish {"metadata":{"emulator":{"name":"functions"},"function":{"name":"us-central1-geocode"},"extension":{},"message":"Finishing up request with event=finish"}}
[debug] [2024-01-26T13:20:40.895Z] Finishing up request with event=close {"metadata":{"emulator":{"name":"functions"},"function":{"name":"us-central1-geocode"},"extension":{},"message":"Finishing up request with event=close"}}
[debug] [2024-01-26T13:20:40.895Z] [work-queue] {"queuedWork":[],"queueLength":0,"runningWork":[],"workRunningCount":0}
